0 info it worked if it ends with ok
1 verbose cli [ 'C:\\Program Files\\nodejs\\\\node.exe',
1 verbose cli   'C:\\Program Files\\nodejs\\node_modules\\npm\\bin\\npm-cli.js',
1 verbose cli   'install',
1 verbose cli   '-g' ]
2 info using npm@1.4.14
3 info using node@v0.10.29
4 verbose node symlink C:\Program Files\nodejs\\node.exe
5 verbose cache add [ '.', null ]
6 verbose cache add name=undefined spec="." args=[".",null]
7 verbose parsed url { protocol: null,
7 verbose parsed url   slashes: null,
7 verbose parsed url   auth: null,
7 verbose parsed url   host: null,
7 verbose parsed url   port: null,
7 verbose parsed url   hostname: null,
7 verbose parsed url   hash: null,
7 verbose parsed url   search: null,
7 verbose parsed url   query: null,
7 verbose parsed url   pathname: '.',
7 verbose parsed url   path: '.',
7 verbose parsed url   href: '.' }
8 silly lockFile 3a52ce78- .
9 verbose lock . C:\Users\PYM\AppData\Roaming\npm-cache\3a52ce78-.lock
10 silly lockFile 3a52ce78- .
11 silly lockFile 3a52ce78- .
12 error addLocal Could not install .
13 error Error: ENOENT, open 'E:\Work\Project\Angular Dashboard\flatify-v1.1\flatify\client\package.json'
14 error If you need help, you may report this *entire* log,
14 error including the npm and node versions, at:
14 error     <http://github.com/npm/npm/issues>
15 error System Windows_NT 6.2.9200
16 error command "C:\\Program Files\\nodejs\\\\node.exe" "C:\\Program Files\\nodejs\\node_modules\\npm\\bin\\npm-cli.js" "install" "-g"
17 error cwd E:\Work\Project\Angular Dashboard\flatify-v1.1\flatify\client
18 error node -v v0.10.29
19 error npm -v 1.4.14
20 error path E:\Work\Project\Angular Dashboard\flatify-v1.1\flatify\client\package.json
21 error code ENOENT
22 error errno 34
23 verbose exit [ 34, true ]
